<?xml version="1.0" encoding="UTF-8"?>
<testng-results skipped="0" failed="0" ignored="2" total="14" passed="12">
  <reporter-output>
  </reporter-output>
  <suite name="nopCommerce Regression Test Suite" duration-ms="25905" started-at="2021-01-15T02:58:12Z" finished-at="2021-01-15T02:58:38Z">
    <groups>
    </groups>
    <test name="Loginpage Test" duration-ms="9882" started-at="2021-01-15T02:58:12Z" finished-at="2021-01-15T02:58:22Z">
      <class name="com.nopcommerce.tests.LoginPageTest">
        <test-method status="PASS" signature="setup(java.lang.String)[pri:0, instance:com.nopcommerce.tests.LoginPageTest@1698d7c0]" name="setup" is-config="true" duration-ms="6018" started-at="2021-01-15T02:58:12Z" finished-at="2021-01-15T02:58:18Z">
          <params>
            <param index="0">
              <value>
                <![CDATA[firefox]]>
              </value>
            </param>
          </params>
          <reporter-output>
          </reporter-output>
        </test-method> <!-- setup -->
        <test-method status="PASS" signature="loginPageSetup()[pri:0, instance:com.nopcommerce.tests.LoginPageTest@1698d7c0]" name="loginPageSetup" is-config="true" duration-ms="617" started-at="2021-01-15T02:58:18Z" finished-at="2021-01-15T02:58:19Z">
          <reporter-output>
          </reporter-output>
        </test-method> <!-- loginPageSetup -->
        <test-method status="PASS" signature="verifyLoginPageNameTest()[pri:1, instance:com.nopcommerce.tests.LoginPageTest@1698d7c0]" name="verifyLoginPageNameTest" duration-ms="2054" started-at="2021-01-15T02:58:19Z" finished-at="2021-01-15T02:58:21Z">
          <reporter-output>
          </reporter-output>
        </test-method> <!-- verifyLoginPageNameTest -->
        <test-method status="PASS" signature="verifyLoginButtonStatusTest()[pri:2, instance:com.nopcommerce.tests.LoginPageTest@1698d7c0]" name="verifyLoginButtonStatusTest" duration-ms="64" started-at="2021-01-15T02:58:21Z" finished-at="2021-01-15T02:58:21Z">
          <reporter-output>
          </reporter-output>
        </test-method> <!-- verifyLoginButtonStatusTest -->
        <test-method status="PASS" signature="verifyRegisterButtonStatusTest()[pri:3, instance:com.nopcommerce.tests.LoginPageTest@1698d7c0]" name="verifyRegisterButtonStatusTest" duration-ms="38" started-at="2021-01-15T02:58:21Z" finished-at="2021-01-15T02:58:21Z">
          <reporter-output>
          </reporter-output>
        </test-method> <!-- verifyRegisterButtonStatusTest -->
        <test-method status="PASS" signature="tearDown()[pri:0, instance:com.nopcommerce.tests.LoginPageTest@1698d7c0]" name="tearDown" is-config="true" duration-ms="841" started-at="2021-01-15T02:58:21Z" finished-at="2021-01-15T02:58:22Z">
          <reporter-output>
          </reporter-output>
        </test-method> <!-- tearDown -->
      </class> <!-- com.nopcommerce.tests.LoginPageTest -->
    </test> <!-- Loginpage Test -->
    <test name="Homepage Test" duration-ms="11666" started-at="2021-01-15T02:58:12Z" finished-at="2021-01-15T02:58:24Z">
      <class name="com.nopcommerce.tests.HomePageTest">
        <test-method status="PASS" signature="setup(java.lang.String)[pri:0, instance:com.nopcommerce.tests.HomePageTest@444548a0]" name="setup" is-config="true" duration-ms="10876" started-at="2021-01-15T02:58:12Z" finished-at="2021-01-15T02:58:23Z">
          <params>
            <param index="0">
              <value>
                <![CDATA[chrome]]>
              </value>
            </param>
          </params>
          <reporter-output>
          </reporter-output>
        </test-method> <!-- setup -->
        <test-method status="PASS" signature="validatePageTitleTest()[pri:1, instance:com.nopcommerce.tests.HomePageTest@444548a0]" name="validatePageTitleTest" duration-ms="10" started-at="2021-01-15T02:58:23Z" finished-at="2021-01-15T02:58:23Z">
          <reporter-output>
          </reporter-output>
        </test-method> <!-- validatePageTitleTest -->
        <test-method status="PASS" signature="verifyLogoTest()[pri:2, instance:com.nopcommerce.tests.HomePageTest@444548a0]" name="verifyLogoTest" duration-ms="56" started-at="2021-01-15T02:58:23Z" finished-at="2021-01-15T02:58:23Z">
          <reporter-output>
          </reporter-output>
        </test-method> <!-- verifyLogoTest -->
        <test-method status="PASS" signature="verifyRegisterLinkTest()[pri:3, instance:com.nopcommerce.tests.HomePageTest@444548a0]" name="verifyRegisterLinkTest" duration-ms="61" started-at="2021-01-15T02:58:23Z" finished-at="2021-01-15T02:58:23Z">
          <reporter-output>
          </reporter-output>
        </test-method> <!-- verifyRegisterLinkTest -->
        <test-method status="PASS" signature="verifyLoginLinkTest()[pri:4, instance:com.nopcommerce.tests.HomePageTest@444548a0]" name="verifyLoginLinkTest" duration-ms="42" started-at="2021-01-15T02:58:23Z" finished-at="2021-01-15T02:58:23Z">
          <reporter-output>
          </reporter-output>
        </test-method> <!-- verifyLoginLinkTest -->
        <test-method status="PASS" signature="tearDown()[pri:0, instance:com.nopcommerce.tests.HomePageTest@444548a0]" name="tearDown" is-config="true" duration-ms="602" started-at="2021-01-15T02:58:23Z" finished-at="2021-01-15T02:58:24Z">
          <reporter-output>
          </reporter-output>
        </test-method> <!-- tearDown -->
      </class> <!-- com.nopcommerce.tests.HomePageTest -->
    </test> <!-- Homepage Test -->
    <test name="Searchpage Test" duration-ms="12263" started-at="2021-01-15T02:58:12Z" finished-at="2021-01-15T02:58:24Z">
      <class name="com.nopcommerce.tests.SearchPageTest">
        <test-method status="PASS" signature="setup(java.lang.String)[pri:0, instance:com.nopcommerce.tests.SearchPageTest@6093d508]" name="setup" is-config="true" duration-ms="6223" started-at="2021-01-15T02:58:12Z" finished-at="2021-01-15T02:58:18Z">
          <params>
            <param index="0">
              <value>
                <![CDATA[firefox]]>
              </value>
            </param>
          </params>
          <reporter-output>
          </reporter-output>
        </test-method> <!-- setup -->
        <test-method status="PASS" signature="searchPageSetup()[pri:0, instance:com.nopcommerce.tests.SearchPageTest@6093d508]" name="searchPageSetup" is-config="true" duration-ms="865" started-at="2021-01-15T02:58:18Z" finished-at="2021-01-15T02:58:19Z">
          <reporter-output>
          </reporter-output>
        </test-method> <!-- searchPageSetup -->
        <test-method status="PASS" signature="verifySearchPageNameTest()[pri:1, instance:com.nopcommerce.tests.SearchPageTest@6093d508]" name="verifySearchPageNameTest" duration-ms="38" started-at="2021-01-15T02:58:19Z" finished-at="2021-01-15T02:58:19Z">
          <reporter-output>
          </reporter-output>
        </test-method> <!-- verifySearchPageNameTest -->
        <test-method status="PASS" signature="verifyManufacturerDropDownListTest()[pri:2, instance:com.nopcommerce.tests.SearchPageTest@6093d508]" name="verifyManufacturerDropDownListTest" duration-ms="4359" started-at="2021-01-15T02:58:19Z" finished-at="2021-01-15T02:58:24Z">
          <reporter-output>
          </reporter-output>
        </test-method> <!-- verifyManufacturerDropDownListTest -->
        <test-method status="PASS" signature="verifyManufacturesListTest()[pri:3, instance:com.nopcommerce.tests.SearchPageTest@6093d508]" name="verifyManufacturesListTest" duration-ms="29" started-at="2021-01-15T02:58:24Z" finished-at="2021-01-15T02:58:24Z">
          <reporter-output>
          </reporter-output>
        </test-method> <!-- verifyManufacturesListTest -->
        <test-method status="PASS" signature="tearDown()[pri:0, instance:com.nopcommerce.tests.SearchPageTest@6093d508]" name="tearDown" is-config="true" duration-ms="704" started-at="2021-01-15T02:58:24Z" finished-at="2021-01-15T02:58:24Z">
          <reporter-output>
          </reporter-output>
        </test-method> <!-- tearDown -->
      </class> <!-- com.nopcommerce.tests.SearchPageTest -->
    </test> <!-- Searchpage Test -->
    <test name="Registerpage Test" duration-ms="25905" started-at="2021-01-15T02:58:12Z" finished-at="2021-01-15T02:58:38Z">
      <class name="com.nopcommerce.tests.RegisterPageTest">
        <test-method status="PASS" signature="setup(java.lang.String)[pri:0, instance:com.nopcommerce.tests.RegisterPageTest@64138b0c]" name="setup" is-config="true" duration-ms="10808" started-at="2021-01-15T02:58:12Z" finished-at="2021-01-15T02:58:23Z">
          <params>
            <param index="0">
              <value>
                <![CDATA[chrome]]>
              </value>
            </param>
          </params>
          <reporter-output>
          </reporter-output>
        </test-method> <!-- setup -->
        <test-method status="PASS" signature="registerPageSetup()[pri:0, instance:com.nopcommerce.tests.RegisterPageTest@64138b0c]" name="registerPageSetup" is-config="true" duration-ms="657" started-at="2021-01-15T02:58:23Z" finished-at="2021-01-15T02:58:24Z">
          <reporter-output>
          </reporter-output>
        </test-method> <!-- registerPageSetup -->
        <test-method status="PASS" signature="verifyRegisterPageNameTest()[pri:1, instance:com.nopcommerce.tests.RegisterPageTest@64138b0c]" name="verifyRegisterPageNameTest" duration-ms="3027" started-at="2021-01-15T02:58:24Z" finished-at="2021-01-15T02:58:27Z">
          <reporter-output>
          </reporter-output>
        </test-method> <!-- verifyRegisterPageNameTest -->
        <test-method status="PASS" signature="registerNewUserTest(java.lang.String, java.lang.String, java.lang.String, java.lang.String, java.lang.String, java.lang.String, java.lang.String, java.lang.String, java.lang.String)[pri:2, instance:com.nopcommerce.tests.RegisterPageTest@64138b0c]" name="registerNewUserTest" duration-ms="10095" started-at="2021-01-15T02:58:27Z" data-provider="getUserData" finished-at="2021-01-15T02:58:37Z">
          <params>
            <param index="0">
              <value>
                <![CDATA[Male]]>
              </value>
            </param>
            <param index="1">
              <value>
                <![CDATA[John]]>
              </value>
            </param>
            <param index="2">
              <value>
                <![CDATA[Smith]]>
              </value>
            </param>
            <param index="3">
              <value>
                <![CDATA[23]]>
              </value>
            </param>
            <param index="4">
              <value>
                <![CDATA[December]]>
              </value>
            </param>
            <param index="5">
              <value>
                <![CDATA[1960]]>
              </value>
            </param>
            <param index="6">
              <value>
                <![CDATA[j@hotmail.com]]>
              </value>
            </param>
            <param index="7">
              <value>
                <![CDATA[Google]]>
              </value>
            </param>
            <param index="8">
              <value>
                <![CDATA[Test!1234]]>
              </value>
            </param>
          </params>
          <reporter-output>
          </reporter-output>
        </test-method> <!-- registerNewUserTest -->
        <test-method status="PASS" signature="tearDown()[pri:0, instance:com.nopcommerce.tests.RegisterPageTest@64138b0c]" name="tearDown" is-config="true" duration-ms="603" started-at="2021-01-15T02:58:37Z" finished-at="2021-01-15T02:58:38Z">
          <reporter-output>
          </reporter-output>
        </test-method> <!-- tearDown -->
      </class> <!-- com.nopcommerce.tests.RegisterPageTest -->
    </test> <!-- Registerpage Test -->
  </suite> <!-- nopCommerce Regression Test Suite -->
</testng-results>
