<?xml version="1.0" encoding="UTF-8"?>
<!-- Generated by org.testng.reporters.JUnitXMLReporter -->
<testsuite hostname="DESKTOP-4TKG998" ignored="0" name="Homepage Test" tests="4" failures="0" timestamp="15 Jan 2021 02:58:24 GMT" time="11.666" errors="0">
  <testcase name="validatePageTitleTest" time="0.01" classname="com.nopcommerce.tests.HomePageTest"/>
  <testcase name="verifyLogoTest" time="0.056" classname="com.nopcommerce.tests.HomePageTest"/>
  <testcase name="verifyRegisterLinkTest" time="0.061" classname="com.nopcommerce.tests.HomePageTest"/>
  <testcase name="verifyLoginLinkTest" time="0.042" classname="com.nopcommerce.tests.HomePageTest"/>
</testsuite> <!-- Homepage Test -->
