<?xml version="1.0" encoding="UTF-8"?>
<!-- Generated by org.testng.reporters.JUnitXMLReporter -->
<testsuite hostname="DESKTOP-4TKG998" ignored="2" name="Loginpage Test" tests="3" failures="0" timestamp="15 Jan 2021 02:58:22 GMT" time="9.882" errors="0">
  <testcase name="verifyLoginPageNameTest" time="2.054" classname="com.nopcommerce.tests.LoginPageTest"/>
  <testcase name="verifyLoginButtonStatusTest" time="0.064" classname="com.nopcommerce.tests.LoginPageTest"/>
  <testcase name="verifyRegisterButtonStatusTest" time="0.038" classname="com.nopcommerce.tests.LoginPageTest"/>
  <testcase name="logoutTest" time="0.0" classname="com.nopcommerce.tests.LoginPageTest">
    <ignored/>
  </testcase> <!-- logoutTest -->
  <testcase name="validateUserLoginTest" time="0.0" classname="com.nopcommerce.tests.LoginPageTest">
    <ignored/>
  </testcase> <!-- validateUserLoginTest -->
</testsuite> <!-- Loginpage Test -->
