<?xml version="1.0" encoding="UTF-8"?>
<!-- Generated by org.testng.reporters.JUnitXMLReporter -->
<testsuite hostname="DESKTOP-4TKG998" ignored="0" name="Registerpage Test" tests="2" failures="0" timestamp="15 Jan 2021 02:58:38 GMT" time="25.905" errors="0">
  <testcase name="verifyRegisterPageNameTest" time="3.027" classname="com.nopcommerce.tests.RegisterPageTest"/>
  <testcase name="registerNewUserTest" time="10.095" classname="com.nopcommerce.tests.RegisterPageTest"/>
</testsuite> <!-- Registerpage Test -->
