<?xml version="1.0" encoding="UTF-8"?>
<!-- Generated by org.testng.reporters.JUnitXMLReporter -->
<testsuite hostname="DESKTOP-4TKG998" ignored="0" name="Searchpage Test" tests="3" failures="0" timestamp="15 Jan 2021 02:58:24 GMT" time="12.263" errors="0">
  <testcase name="verifySearchPageNameTest" time="0.038" classname="com.nopcommerce.tests.SearchPageTest"/>
  <testcase name="verifyManufacturerDropDownListTest" time="4.359" classname="com.nopcommerce.tests.SearchPageTest"/>
  <testcase name="verifyManufacturesListTest" time="0.029" classname="com.nopcommerce.tests.SearchPageTest"/>
</testsuite> <!-- Searchpage Test -->
